Build started 2012-08-29 오후 8:05:12.
     1>Project "C:\Users\samsung\Desktop\of\apps\myApps\Plug\emptyExample.vcxproj" on node 3 (build target(s)).
     1>InitializeBuildStatus:
         Creating "obj\Debug\Plug.unsuccessfulbuild" because "AlwaysCreate" was specified.
       ClCompile:
         C:\Program Files\Microsoft Visual Studio 10.0\VC\bin\CL.exe /c /IC:\Users\samsung\Desktop\of\addons\ofxBox2d\libs\Box2D\Dynamics\Joints /IC:\Users\samsung\Desktop\of\addons\ofxBox2d\libs\Box2D\Dynamics\Contacts /IC:\Users\samsung\Desktop\of\addons\ofxBox2d\libs\Box2D\Dynamics /IC:\Users\samsung\Desktop\of\addons\ofxBox2d\libs\Box2D\Common /IC:\Users\samsung\Desktop\of\addons\ofxBox2d\libs\Box2D\Collision\Shapes /IC:\Users\samsung\Desktop\of\addons\ofxBox2d\libs\Box2D\Collision /IC:\Users\samsung\Desktop\of\addons\ofxBox2d\libs\Box2D /IC:\Users\samsung\Desktop\of\addons\ofxBox2d\libs\triangle /IC:\Users\samsung\Desktop\of\addons\ofxBox2d\libs /IC:\Users\samsung\Desktop\of\addons\ofxBox2d\src /IC:\Users\samsung\Desktop\of\addons\ofxXmlSettings\libs /IC:\Users\samsung\Desktop\of\addons\ofxXmlSettings\src /IC:\Users\samsung\Desktop\of\addons\ofxUI\src /I..\..\..\libs\openFrameworks /I..\..\..\libs\openFrameworks\graphics /I..\..\..\libs\openFrameworks\app /I..\..\..\libs\openFrameworks\sound /I..\..\..\libs\openFrameworks\utils /I..\..\..\libs\openFrameworks\communication /I..\..\..\libs\openFrameworks\video /I..\..\..\libs\openFrameworks\types /I..\..\..\libs\openFrameworks\math /I..\..\..\libs\openFrameworks\3d /I..\..\..\libs\openFrameworks\gl /I..\..\..\libs\openFrameworks\events /I..\..\..\libs\glut\include /I..\..\..\libs\rtAudio\include /I..\..\..\libs\quicktime\include /I..\..\..\libs\freetype\include /I..\..\..\libs\freetype\include\freetype2 /I..\..\..\libs\freeImage\include /I..\..\..\libs\fmodex\include /I..\..\..\libs\videoInput\include /I..\..\..\libs\glew\include\ /I..\..\..\libs\glu\include /I..\..\..\libs\tess2\include /I..\..\..\libs\cairo\include\cairo /I..\..\..\libs\poco\include /I..\..\..\addons /Isrc /ZI /nologo /W3 /WX- /Od /Oy- /D WIN32 /D _DEBUG /D _CONSOLE /D POCO_STATIC /D CAIRO_WIN32_STATIC_BUILD /D DISABLE_SOME_FLOATING_POINT /D _UNICODE /D UNICODE /Gm /EHsc /RTC1 /MDd /GS /fp:precise /Zc:wchar_t /Zc:forScope /Fo"obj\Debug\\" /Fd"obj\Debug\vc100.pdb" /Gd /TP /analyze- /errorReport:prompt ..\..\..\addons\ofxBox2d\src\ofxBox2dPolygon.cpp
         ofxBox2dPolygon.cpp
     1>c:\users\samsung\desktop\of\libs\quicktime\include\mixedmode.h : warning C4819: The file contains a character that cannot be represented in the current code page (949). Save the file in Unicode format to prevent data loss
     1>c:\users\samsung\desktop\of\libs\quicktime\include\endian.h : warning C4819: The file contains a character that cannot be represented in the current code page (949). Save the file in Unicode format to prevent data loss
       ManifestResourceCompile:
         All outputs are up-to-date.
       Link:
         C:\Program Files\Microsoft Visual Studio 10.0\VC\bin\link.exe /ERRORREPORT:PROMPT /OUT:"bin\Plug_debug.exe" /INCREMENTAL /NOLOGO /LIBPATH:..\..\..\libs\glut\lib\vs2010 /LIBPATH:..\..\..\libs\rtAudio\lib\vs2010 /LIBPATH:..\..\..\libs\FreeImage\lib\vs2010 /LIBPATH:..\..\..\libs\freetype\lib\vs2010 /LIBPATH:..\..\..\libs\quicktime\lib\vs2010 /LIBPATH:..\..\..\libs\fmodex\lib\vs2010 /LIBPATH:..\..\..\libs\videoInput\lib\vs2010 /LIBPATH:..\..\..\libs\cairo\lib\vs2010 /LIBPATH:..\..\..\libs\glew\lib\vs2010 /LIBPATH:..\..\..\libs\glu\lib\vs2010 /LIBPATH:..\..\..\libs\Poco\lib\vs2010 /LIBPATH:..\..\..\libs\tess2\lib\vs2010 "cairo-static.lib" "pixman-1.lib" msimg32.lib OpenGL32.lib GLu32.lib kernel32.lib setupapi.lib Vfw32.lib comctl32.lib glut32.lib rtAudioD.lib videoInput.lib libfreetype.lib FreeImage.lib qtmlClient.lib dsound.lib user32.lib gdi32.lib winspool.lib comdlg32.lib advapi32.lib shell32.lib ole32.lib oleaut32.lib uuid.lib glew32s.lib fmodex_vc.lib glu32.lib PocoFoundationmdd.lib PocoNetmdd.lib PocoUtilmdd.lib PocoXMLmdd.lib Ws2_32.lib tess2.lib kernel32.lib user32.lib gdi32.lib winspool.lib comdlg32.lib advapi32.lib shell32.lib ole32.lib oleaut32.lib uuid.lib odbc32.lib odbccp32.lib /NODEFAULTLIB:PocoFoundationd.lib /NODEFAULTLIB:atlthunk.lib /NODEFAULTLIB:LIBC.lib /NODEFAULTLIB:LIBCMT /MANIFEST /ManifestFile:"obj\Debug\Plug_debug.exe.intermediate.manifest" /MANIFESTUAC:"level='asInvoker' uiAccess='false'" /DEBUG /PDB:"C:\Users\samsung\Desktop\of\apps\myApps\Plug\bin\Plug_debug_debugInfo.pdb" /SUBSYSTEM:CONSOLE /TLBID:1 /DYNAMICBASE:NO /IMPLIB:"bin\Plug_debug.lib" /MACHINE:X86 obj\Debug\Plug_debug.exe.embed.manifest.res
         obj\Debug\b2BroadPhase.obj
         obj\Debug\b2CollideCircle.obj
         obj\Debug\b2CollidePolygon.obj
         obj\Debug\b2Collision.obj
         obj\Debug\b2Distance.obj
         obj\Debug\b2DynamicTree.obj
         obj\Debug\b2TimeOfImpact.obj
         obj\Debug\b2CircleShape.obj
         obj\Debug\b2PolygonShape.obj
         obj\Debug\b2BlockAllocator.obj
         obj\Debug\b2Math.obj
         obj\Debug\b2Settings.obj
         obj\Debug\b2StackAllocator.obj
         obj\Debug\b2Body.obj
         obj\Debug\b2ContactManager.obj
         obj\Debug\b2Fixture.obj
         obj\Debug\b2Island.obj
         obj\Debug\b2World.obj
         obj\Debug\b2WorldCallbacks.obj
         obj\Debug\b2CircleContact.obj
         obj\Debug\b2Contact.obj
         obj\Debug\b2ContactSolver.obj
         obj\Debug\b2PolygonAndCircleContact.obj
         obj\Debug\b2PolygonContact.obj
         obj\Debug\b2TOISolver.obj
         obj\Debug\b2DistanceJoint.obj
         obj\Debug\b2FrictionJoint.obj
         obj\Debug\b2GearJoint.obj
         obj\Debug\b2Joint.obj
         obj\Debug\b2LineJoint.obj
         obj\Debug\b2MouseJoint.obj
         obj\Debug\b2PrismaticJoint.obj
         obj\Debug\b2PulleyJoint.obj
         obj\Debug\b2RevoluteJoint.obj
         obj\Debug\b2WeldJoint.obj
         obj\Debug\del_impl.obj
         obj\Debug\ofxBox2d.obj
         obj\Debug\ofxBox2dBaseShape.obj
         obj\Debug\ofxBox2dCircle.obj
         obj\Debug\ofxBox2dJoint.obj
         obj\Debug\ofxBox2dPolygon.obj
         obj\Debug\ofxBox2dRect.obj
         obj\Debug\main.obj
         obj\Debug\realApp.obj
         C:\Users\samsung\Desktop\of\libs\openFrameworksCompiled\lib\vs2010\openframeworksLibDebug.lib
       Manifest:
         C:\Program Files\Microsoft SDKs\Windows\v7.0A\bin\mt.exe /nologo /verbose /out:"obj\Debug\Plug_debug.exe.embed.manifest" /manifest obj\Debug\Plug_debug.exe.intermediate.manifest
         All outputs are up-to-date.
       LinkEmbedManifest:
         All outputs are up-to-date.
         emptyExample.vcxproj -> C:\Users\samsung\Desktop\of\apps\myApps\Plug\bin\Plug_debug.exe
       PostBuildEvent:
         Description: adding DLLs and creating data folder
         xcopy /e /i /y "C:\Users\samsung\Desktop\of\apps\myApps\Plug\..\..\..\export\vs2010\*.dll" "C:\Users\samsung\Desktop\of\apps\myApps\Plug\bin"
         :VCEnd
         C:\Users\samsung\Desktop\of\apps\myApps\Plug\..\..\..\export\vs2010\Assimp32.dll
         C:\Users\samsung\Desktop\of\apps\myApps\Plug\..\..\..\export\vs2010\fmodex.dll
         C:\Users\samsung\Desktop\of\apps\myApps\Plug\..\..\..\export\vs2010\fmodexL.dll
         C:\Users\samsung\Desktop\of\apps\myApps\Plug\..\..\..\export\vs2010\FreeImage.dll
         C:\Users\samsung\Desktop\of\apps\myApps\Plug\..\..\..\export\vs2010\FreeType-6.dll
         C:\Users\samsung\Desktop\of\apps\myApps\Plug\..\..\..\export\vs2010\glut32.dll
         C:\Users\samsung\Desktop\of\apps\myApps\Plug\..\..\..\export\vs2010\Zlib.dll
         7개 파일이 복사되었습니다.
       FinalizeBuildStatus:
         Deleting file "obj\Debug\Plug.unsuccessfulbuild".
         Touching "obj\Debug\Plug.lastbuildstate".
     1>Done Building Project "C:\Users\samsung\Desktop\of\apps\myApps\Plug\emptyExample.vcxproj" (build target(s)).

Build succeeded.

Time Elapsed 00:00:07.43
